<?xml version="1.0" encoding="UTF-8"?>
<testng-results skipped="0" failed="0" ignored="0" total="1" passed="1">
  <reporter-output>
    <line>
      <![CDATA[Setting up reports and Test is getting ready]]>
    </line>
    <line>
      <![CDATA[Setting Done- Test can be Started]]>
    </line>
    <line>
      <![CDATA[Trying to start Browser and Getting application ready]]>
    </line>
    <line>
      <![CDATA[Browser and Application is up and running]]>
    </line>
    <line>
      <![CDATA[Test is about to end]]>
    </line>
    <line>
      <![CDATA[Test Completed >>> Reports Generated]]>
    </line>
  </reporter-output>
  <suite name="Suite" duration-ms="29062" started-at="2019-08-03T05:14:53Z" finished-at="2019-08-03T05:15:22Z">
    <groups>
    </groups>
    <test name="Test" duration-ms="29062" started-at="2019-08-03T05:14:53Z" finished-at="2019-08-03T05:15:22Z">
      <class name="com.mts.testcases.LoginTestCRM">
        <test-method status="PASS" signature="setUpSuite()[pri:0, instance:com.mts.testcases.LoginTestCRM@4883b407]" name="setUpSuite" is-config="true" duration-ms="739" started-at="2019-08-03T10:44:52Z" finished-at="2019-08-03T10:44:53Z">
          <reporter-output>
            <line>
              <![CDATA[Setting up reports and Test is getting ready]]>
            </line>
            <line>
              <![CDATA[Setting Done- Test can be Started]]>
            </line>
          </reporter-output>
        </test-method> <!-- setUpSuite -->
        <test-method status="PASS" signature="setup()[pri:0, instance:com.mts.testcases.LoginTestCRM@4883b407]" name="setup" is-config="true" duration-ms="9620" started-at="2019-08-03T10:44:53Z" finished-at="2019-08-03T10:45:02Z">
          <reporter-output>
            <line>
              <![CDATA[Trying to start Browser and Getting application ready]]>
            </line>
            <line>
              <![CDATA[Browser and Application is up and running]]>
            </line>
          </reporter-output>
        </test-method> <!-- setup -->
        <test-method status="PASS" signature="loginApp()[pri:0, instance:com.mts.testcases.LoginTestCRM@4883b407]" name="loginApp" duration-ms="17512" started-at="2019-08-03T10:45:02Z" finished-at="2019-08-03T10:45:20Z">
          <reporter-output>
          </reporter-output>
        </test-method> <!-- loginApp -->
        <test-method status="PASS" signature="tearDownMethod(org.testng.ITestResult)[pri:0, instance:com.mts.testcases.LoginTestCRM@4883b407]" name="tearDownMethod" is-config="true" duration-ms="1256" started-at="2019-08-03T10:45:20Z" finished-at="2019-08-03T10:45:21Z">
          <params>
            <param index="0">
              <value>
                <![CDATA[[TestResult name=loginApp status=SUCCESS method=LoginTestCRM.loginApp()[pri:0, instance:com.mts.testcases.LoginTestCRM@4883b407] output={null}]]]>
              </value>
            </param>
          </params>
          <reporter-output>
            <line>
              <![CDATA[Test is about to end]]>
            </line>
            <line>
              <![CDATA[Test Completed >>> Reports Generated]]>
            </line>
          </reporter-output>
        </test-method> <!-- tearDownMethod -->
        <test-method status="PASS" signature="tearDown()[pri:0, instance:com.mts.testcases.LoginTestCRM@4883b407]" name="tearDown" is-config="true" duration-ms="652" started-at="2019-08-03T10:45:21Z" finished-at="2019-08-03T10:45:22Z">
          <reporter-output>
          </reporter-output>
        </test-method> <!-- tearDown -->
      </class> <!-- com.mts.testcases.LoginTestCRM -->
    </test> <!-- Test -->
  </suite> <!-- Suite -->
</testng-results>
